commit f9189a0afcd3c37f8e3375c4b2c19823e9c56dbf
Author: Cayden Allen <caydenallen@mail.weber.edu>
Date:   Sun Mar 19 19:30:26 2017 -0600

    added a def

commit 5d2809ea7fd41cdfe9204bd9e71e8c8739fb3d6b
Author: Cayden Allen <caydenallen@mail.weber.edu>
Date:   Sun Mar 19 19:11:18 2017 -0600

    fixed exit code

commit 9cd1828f03760cc2e07d54939e148633231614f1
Author: Cayden Allen <caydenallen@mail.weber.edu>
Date:   Tue Mar 7 20:45:34 2017 -0700

    updated homework

commit 4b2c1cdadb82d39367fcce66086db7feb1b52115
Author: Cayden Allen <caydenallen@mail.weber.edu>
Date:   Mon Mar 6 16:13:21 2017 -0700

    Getting closer!

commit 6f86b174953f99272e2bbfa3f7922c47869e0fa0
Author: Cayden Allen <caydenallen@mail.weber.edu>
Date:   Mon Mar 6 15:36:23 2017 -0700

    initial commit

commit 19ffc1754816461ec0c1a77669ebd62da81b37c6
Author: caydenallen <caydenallen@mail.weber.edu>
Date:   Mon Mar 6 15:07:33 2017 -0700

    Initial commit
